[2025-01-02T05:39:09.610Z] info: Running findOne query on Role model. Finding documents with Query: {}
[2025-01-02T05:39:09.632Z] info: Received response from findOne query on Role model. Found documents: null
[2025-01-02T05:39:09.642Z] info: Running save query on Role model. Creating a new document: {"permissions":{"Agent":true,"Vendor":true,"Jackpot":true,"Topup":true,"Setting":true,"Staff":true,"Language":true,"Product":true,"Player":true,"Report":true,"Commission":true,"Information":true,"Roles":true,"CryptoTransaction":true,"Spinner":true,"Slider":true,"Order":true},"_id":"6776267d54abe6061a077548","createdAt":"2025-01-02T05:39:09.641Z","updatedAt":"2025-01-02T05:39:09.641Z"}
[2025-01-02T05:39:09.677Z] info: Received response from save query on Role model. Document created: {"permissions":{"Agent":true,"Vendor":true,"Jackpot":true,"Topup":true,"Setting":true,"Staff":true,"Language":true,"Product":true,"Player":true,"Report":true,"Commission":true,"Information":true,"Roles":true,"CryptoTransaction":true,"Spinner":true,"Slider":true,"Order":true},"_id":"6776267d54abe6061a077548","createdAt":"2025-01-02T05:39:09.641Z","updatedAt":"2025-01-02T05:39:09.641Z","__v":0}
[2025-01-02T05:39:09.679Z] info: Running findOne query on User model. Finding documents with Query: {}
[2025-01-02T05:39:09.681Z] info: Received response from findOne query on User model. Found documents: null
[2025-01-02T05:39:09.682Z] info: Running findOne query on User model. Finding documents with Query: {}
[2025-01-02T05:39:09.684Z] info: Received response from findOne query on User model. Found documents: null
[2025-01-02T05:40:39.003Z] info: Running findOne query on Role model. Finding documents with Query: {}
[2025-01-02T05:40:39.054Z] info: Received response from findOne query on Role model. Found documents: {"permissions":{"Agent":true,"Vendor":true,"Jackpot":true,"Topup":true,"Setting":true,"Staff":true,"Language":true,"Product":true,"Player":true,"Report":true,"Commission":true,"Information":true,"Roles":true,"CryptoTransaction":true,"Spinner":true,"Slider":true,"Order":true},"_id":"6776267d54abe6061a077548","createdAt":"2025-01-02T05:39:09.641Z","updatedAt":"2025-01-02T05:39:09.641Z","__v":0}
[2025-01-02T05:40:39.054Z] info: Running findOne query on User model. Finding documents with Query: {}
[2025-01-02T05:40:39.056Z] info: Received response from findOne query on User model. Found documents: null
[2025-01-02T05:40:39.057Z] info: Running findOne query on User model. Finding documents with Query: {}
[2025-01-02T05:40:39.059Z] info: Received response from findOne query on User model. Found documents: null
[2025-01-02T05:42:07.621Z] info: Running findOne query on Role model. Finding documents with Query: {}
[2025-01-02T05:42:07.640Z] info: Received response from findOne query on Role model. Found documents: {"permissions":{"Agent":true,"Vendor":true,"Jackpot":true,"Topup":true,"Setting":true,"Staff":true,"Language":true,"Product":true,"Player":true,"Report":true,"Commission":true,"Information":true,"Roles":true,"CryptoTransaction":true,"Spinner":true,"Slider":true,"Order":true},"_id":"6776267d54abe6061a077548","createdAt":"2025-01-02T05:39:09.641Z","updatedAt":"2025-01-02T05:39:09.641Z","__v":0}
[2025-01-02T05:42:07.641Z] info: Running findOne query on User model. Finding documents with Query: {}
[2025-01-02T05:42:07.643Z] info: Received response from findOne query on User model. Found documents: null
[2025-01-02T05:42:07.643Z] info: Running findOne query on User model. Finding documents with Query: {}
[2025-01-02T05:49:46.626Z] info: Running findOne query on Role model. Finding documents with Query: {}
[2025-01-02T05:49:46.641Z] info: Received response from findOne query on Role model. Found documents: null
[2025-01-02T05:49:46.651Z] info: Running save query on Role model. Creating a new document: {"permissions":{"Agent":true,"Vendor":true,"Jackpot":true,"Topup":true,"Setting":true,"Staff":true,"Language":true,"Product":true,"Player":true,"Report":true,"Commission":true,"Information":true,"Roles":true,"CryptoTransaction":true,"Spinner":true,"Slider":true,"Order":true},"_id":"677628fad52b51b5b41fab2a","createdAt":"2025-01-02T05:49:46.650Z","updatedAt":"2025-01-02T05:49:46.650Z"}
[2025-01-02T05:49:46.673Z] info: Received response from save query on Role model. Document created: {"permissions":{"Agent":true,"Vendor":true,"Jackpot":true,"Topup":true,"Setting":true,"Staff":true,"Language":true,"Product":true,"Player":true,"Report":true,"Commission":true,"Information":true,"Roles":true,"CryptoTransaction":true,"Spinner":true,"Slider":true,"Order":true},"_id":"677628fad52b51b5b41fab2a","createdAt":"2025-01-02T05:49:46.650Z","updatedAt":"2025-01-02T05:49:46.650Z","__v":0}
[2025-01-02T05:49:46.673Z] info: Running findOne query on User model. Finding documents with Query: {}
[2025-01-02T05:49:46.676Z] info: Received response from findOne query on User model. Found documents: null
[2025-01-02T05:49:46.676Z] info: Running findOne query on User model. Finding documents with Query: {}
[2025-01-02T05:49:46.678Z] info: Received response from findOne query on User model. Found documents: null
[2025-01-22T11:02:05.643Z] info: Running findOne query on Role model. Finding documents with Query: {"role_name":"superadmin"}
[2025-01-22T11:02:06.409Z] info: Received response from findOne query on Role model. Found documents: {"permissions":{"Agent":true,"Vendor":true,"Jackpot":true,"Topup":true,"Setting":true,"Staff":true,"Language":true,"Product":true,"Player":true,"Report":true,"Commission":true,"Information":true,"Roles":true,"CryptoTransaction":true,"Spinner":true,"Slider":true,"Order":true},"_id":"6738bf0384d6a99c5928577d","role_name":"superadmin","createdAt":"2024-11-16T15:49:23.558Z","updatedAt":"2024-11-16T15:49:23.558Z","__v":0}
[2025-01-22T11:02:06.411Z] info: Running findOne query on User model. Finding documents with Query: {}
[2025-01-22T11:02:06.523Z] info: Received response from findOne query on User model. Found documents: {"_id":"6745c1a899f035f7a02cd063","role_id":"6738bf0384d6a99c5928577d","referral":"SUPERADMIN1","total_referral":4,"referral_code_index":0,"isReferralReward_SentTo_parent":false,"user_name":"super_admin","user_type":0,"full_name":"superadmin","balance":919581.1141461317,"bonus":0,"bonus_pending":0,"p_coin":0,"currencies_reg":"MYR","position_taking":"130","played_today":0,"spinner":0,"rollover_pending":0,"validamount":0,"deposit":0,"turnover":0,"max_position":99999,"max_position_given":20,"status":1,"isActive":true,"salt":"$2a$10$BQDGQP9dM7zdN4DIGv7WL.","bank":[],"createdAt":"2024-11-26T12:40:08.333Z","updatedAt":"2025-01-16T09:30:59.953Z","__v":0,"email":"sondaravapiyush777@gmail.com","otp":503005,"otpExpiry":"2024-12-02T15:57:59.012Z","withdraw_lock":"2025-01-07T18:07:20.989Z","prefix_user_name":"super_admin"}
